=========================================
Building STAR Genome Index
Job ID: 139
Node: hpcslurm-nscpuspot-1
CPUs: 16
=========================================
Starting STAR genome index generation...
Genome: /home/sdodl001_odu_edu/references/genomes/hg38/hg38.fa
GTF: /home/sdodl001_odu_edu/references/annotations/gencode.v45.annotation.gtf
Output: /home/sdodl001_odu_edu/references/indexes/star
	/home/sdodl001_odu_edu/envs/biopipelines/bin/STAR-avx2 --runMode genomeGenerate --runThreadN 16 --genomeDir /home/sdodl001_odu_edu/references/indexes/star --genomeFastaFiles /home/sdodl001_odu_edu/references/genomes/hg38/hg38.fa --sjdbGTFfile /home/sdodl001_odu_edu/references/annotations/gencode.v45.annotation.gtf --sjdbOverhang 99 --genomeSAindexNbases 14
	STAR version: 2.7.10b   compiled: 2023-05-25T06:56:23+0000 :/opt/conda/conda-bld/star_1684997536154/work/source
Nov 20 21:50:37 ..... started STAR run
Nov 20 21:50:37 ... starting to generate Genome files
Nov 20 21:51:28 ..... processing annotations GTF
Nov 20 21:51:53 ... starting to sort Suffix Array. This may take a long time...
Nov 20 21:52:04 ... sorting Suffix Array chunks and saving them to disk...
Nov 20 22:07:09 ... loading chunks from disk, packing SA...
Nov 20 22:11:33 ... finished generating suffix array
Nov 20 22:11:33 ... generating Suffix Array index
Nov 20 22:14:17 ... completed Suffix Array index
Nov 20 22:14:17 ..... inserting junctions into the genome indices
Nov 20 22:16:56 ... writing Genome to disk ...
Nov 20 22:17:11 ... writing Suffix Array to disk ...
Nov 20 22:20:25 ... writing SAindex to disk
Nov 20 22:20:34 ..... finished successfully
=========================================
STAR index generation complete!
Index location: /home/sdodl001_odu_edu/references/indexes/star
=========================================
